172
2 2 30 
2 57 62 
2 125 126 
2 253 248 
2 250 496 
2 122 243 
2 246 493 
2 491 487 
2 489 488 
2 239 241 
2 485 483 
2 479 481 
2 480 478 
2 58 118 
2 238 476 
2 477 471 
2 232 469 
2 470 464 
2 465 466 
2 223 227 
2 229 228 
2 457 458 
2 456 224 
2 49 51 
2 53 110 
2 222 220 
2 440 215 
2 435 436 
2 216 103 
2 211 428 
2 426 209 
2 415 417 
2 418 416 
2 96 102 
2 205 206 
2 413 408 
2 202 404 
2 406 402 
2 98 393 
2 398 191 
2 194 389 
2 383 386 
2 4 9 
2 43 94 
2 380 381 
2 382 183 
2 374 184 
2 370 368 
2 87 179 
2 366 88 
2 178 357 
2 355 176 
2 354 39 
2 42 85 
2 173 349 
2 171 346 
2 343 344 
2 83 84 
2 342 169 
2 340 167 
2 168 338 
2 335 82 
2 327 331 
2 161 323 
2 321 37 
3 74 75 77 
3 157 317 318 
3 316 312 313 
3 314 303 308 
3 309 305 143 
3 150 296 297 
3 145 146 293 
3 291 287 290 
3 63 67 140 
3 142 281 68 
3 137 275 135 
3 272 127 131 
3 133 134 270 
3 265 130 260 
3 262 255 257 
3 254 27 494 
3 56 29 251 
3 247 124 245 
3 244 490 59 
3 119 237 25 
3 116 233 115 
3 468 461 460 
3 114 226 453 
3 112 450 304 
3 54 446 109 
3 217 107 432 
3 106 425 104 
3 207 50 101 
3 411 204 100 
3 200 401 198 
3 395 26 195 
3 390 95 45 
3 46 379 377 
3 378 185 186 
3 373 372 92 
3 363 365 44 
3 361 359 22 
3 174 347 172 
3 41 341 339 
3 81 332 40 
3 164 325 79 
3 80 160 78 
3 76 153 307 
3 36 152 151 
3 148 295 16 
3 289 144 70 
3 285 284 69 
3 282 280 138 
3 136 274 269 
3 267 66 132 
3 129 32 259 
3 128 188 123 
3 497 392 121 
3 242 474 117 
3 472 467 235 
3 230 459 225 
3 447 444 442 
3 437 218 438 
3 449 201 214 
3 429 105 424 
4 422 6 55 139 
4 384 412 427 24 
4 203 99 23 399 
4 397 391 388 192 
4 177 351 375 91 
4 407 90 263 13 
4 403 400 353 348 
4 345 394 336 3 
4 162 159 10 364 
4 163 180 149 302 
4 89 18 294 431 
4 71 283 328 278 
4 276 268 31 65 
4 362 8 499 498 
4 208 292 249 61 
4 60 320 240 236 
4 473 356 175 439 
4 181 231 5 445 
4 219 288 34 387 
4 396 193 430 409 
4 15 273 419 258 
4 20 385 187 324 
4 19 360 433 311 
4 147 367 199 277 
4 405 271 455 298 
4 108 155 486 475 
4 452 52 221 451 
4 113 210 264 434 
4 329 448 350 376 
4 48 166 371 310 
4 111 234 38 0 
4 463 261 182 156 
4 213 266 443 495 
4 484 64 73 462 
4 158 120 319 301 
4 72 410 141 337 
4 11 170 86 17 
4 154 352 414 334 
4 212 189 492 7 
4 358 14 299 306 
4 330 279 21 1 
4 315 322 454 256 
4 421 47 300 482 
4 165 326 33 12 
4 369 97 197 441 
4 28 93 252 420 
4 423 190 35 333 
