1628
2 92 420 
2 494 2014 
2 8005 8069 
2 8169 3850 
2 3959 3962 
2 7908 7810 
2 7708 7774 
2 1842 3720 
2 3800 7641 
2 7552 7446 
2 7469 7169 
2 7189 7291 
2 770 1736 
2 1790 3551 
2 7144 7039 
2 3460 6987 
2 3378 6795 
2 6874 6906 
2 6712 6775 
2 783 817 
2 3277 3285 
2 3288 6552 
2 3206 6399 
2 1566 1577 
2 6271 6276 
2 3130 350 
2 701 722 
2 2971 2975 
2 2989 1432 
2 5762 1300 
2 1363 1387 
2 5630 1367 
2 5385 2593 
2 2684 5270 
2 5291 2609 
2 5139 1244 
2 1262 4934 
2 5000 5112 
2 5004 9738 
2 9918 9780 
2 9824 2404 
2 4748 9494 
2 9581 9517 
2 4722 9420 
2 9441 9467 
2 2048 2217 
2 2247 2273 
2 4603 4543 
2 9093 2258 
2 9061 8971 
2 4459 8916 
2 8795 2063 
2 4264 4347 
2 8680 8691 
2 8575 8619 
2 4265 8538 
2 8457 8490 
2 8492 8218 
2 8350 8404 
2 8362 8225 
2 4072 8102 
2 8120 8074 
2 8092 246 
2 1011 8046 
2 4017 7790 
2 3858 7680 
2 3836 1910 
2 944 1879 
2 3652 7312 
2 929 7226 
2 205 1771 
2 7114 7082 
2 7054 882 
2 1739 6936 
2 6898 6867 
2 3436 3336 
2 3390 6736 
2 857 6594 
2 1651 3294 
2 3282 3252 
2 6469 6433 
2 3230 6408 
2 3185 6383 
2 6327 1573 
2 102 6267 
2 6221 6084 
2 6116 6138 
2 2943 2986 
2 5933 5759 
2 375 5626 
2 663 1370 
2 5475 2719 
2 5414 5381 
2 2655 2677 
2 5312 5258 
2 35 1280 
2 2618 5243 
2 1309 5165 
2 5119 5116 
2 1257 5016 
2 9953 2465 
2 4903 9850 
2 4921 551 
2 4889 4853 
2 9725 9567 
2 2341 9481 
2 4687 9460 
2 9454 9417 
2 9428 9300 
2 2287 2290 
2 9067 8993 
2 4497 8989 
2 2223 4432 
2 4462 8910 
2 8787 8800 
2 4275 4276 
2 2151 8403 
2 4207 1072 
2 8207 8249 
2 1014 8096 
2 8050 2005 
2 7941 3955 
2 914 3831 
2 7650 3778 
2 7589 932 
2 3766 7448 
2 7452 7338 
2 3576 7133 
2 3550 3545 
2 7021 7034 
2 6980 3461 
2 3441 1719 
2 3406 3380 
2 6722 6696 
2 6475 1603 
2 6431 6418 
2 6325 6159 
2 6139 2991 
2 1500 2904 
2 1420 2853 
2 1398 5620 
2 5629 5587 
2 5590 320 
2 1380 2764 
2 1360 5477 
2 655 1342 
2 5319 2643 
2 2641 15 
2 5186 2588 
2 5062 1251 
2 155 9998 
2 9923 2369 
2 2413 9607 
2 588 2317 
2 9381 9388 
2 9353 9287 
2 9308 4601 
2 9169 9125 
2 9116 4493 
2 8914 539 
2 8840 8825 
2 2111 4241 
2 8514 8520 
2 8280 73 
2 8191 8192 
2 4084 8121 
2 2017 8054 
2 8029 4008 
2 3931 7933 
2 7811 7705 
2 7597 3742 
2 7450 1828 
2 3682 7348 
2 1792 7323 
2 1795 3603 
2 7182 3571 
2 7113 440 
2 3535 3533 
2 7035 6991 
2 429 6878 
2 3387 3384 
2 3377 6710 
2 1641 6503 
2 3197 6360 
2 99 6236 
2 3081 6043 
2 6103 5999 
2 1493 743 
2 2945 1468 
2 5857 1463 
2 5634 5618 
2 5552 5440 
2 2638 5228 
2 5221 5202 
2 2581 1247 
2 2519 2507 
2 4998 4968 
2 9939 1245 
2 9898 2455 
2 9740 9704 
2 4743 9228 
2 9290 4593 
2 4589 4576 
2 9127 4541 
2 563 4536 
2 8959 1112 
2 8765 8666 
2 8512 4114 
2 1950 1940 
2 3876 1938 
2 7738 116 
2 7575 1893 
2 3751 3755 
2 3732 927 
2 7396 7379 
2 470 7203 
2 1776 3572 
2 3525 1757 
2 7029 1752 
2 1748 3435 
2 6855 6658 
2 1662 52 
2 6461 3198 
2 6369 6303 
2 6295 6251 
2 6217 6182 
2 6190 6086 
2 6048 368 
2 5971 5937 
2 1457 5878 
2 713 5818 
2 2871 5684 
2 2832 5597 
2 2778 680 
2 2721 5394 
2 5403 1343 
2 2640 1274 
2 5069 9992 
2 9967 9947 
2 1236 9796 
2 9817 9782 
2 9708 4812 
2 9537 4759 
2 4749 9477 
2 9445 9395 
2 4680 4686 
2 9317 9334 
2 4580 2286 
2 9132 9113 
2 569 1123 
2 8974 1108 
2 1104 4418 
2 8678 8649 
2 528 4310 
2 266 8587 
2 8574 2132 
2 8481 135 
2 8416 8445 
2 4145 8300 
2 524 4130 
2 8271 1025 
2 4111 8226 
2 8217 8188 
2 4086 8157 
2 4039 8041 
2 8024 3970 
2 3908 989 
2 3868 3829 
2 3815 1901 
2 7503 7477 
2 223 7455 
2 7376 7378 
2 7358 3642 
2 7160 7107 
2 1772 3459 
2 6916 6909 
2 3393 1676 
2 6597 3287 
2 6523 1617 
2 3245 3215 
2 3152 3116 
2 3100 6200 
2 3094 6066 
2 5826 724 
2 1448 1408 
2 2845 5560 
2 5555 2767 
2 2760 5486 
2 5447 167 
2 1310 5092 
2 4999 9979 
2 9980 9949 
2 1241 9916 
2 9878 9808 
2 4864 9666 
2 9640 4755 
2 4760 1185 
2 9480 9455 
2 9412 9351 
2 9147 9112 
2 9040 9012 
2 8953 8764 
2 4349 8428 
2 4159 4180 
2 1033 8255 
2 4081 1017 
2 506 4051 
2 495 4024 
2 8048 4015 
2 3957 3960 
2 3826 7456 
2 3699 1844 
2 7328 7317 
2 7244 1769 
2 7053 3490 
2 6970 3430 
2 6872 6820 
2 3319 3148 
2 6241 779 
2 3056 3032 
2 6004 5984 
2 5893 1455 
2 1428 1434 
2 5650 344 
2 1379 2753 
2 2735 5405 
2 2637 5050 
2 5033 625 
2 9940 4941 
2 4897 9783 
2 4872 9509 
2 2366 9396 
2 1169 4606 
2 9053 8905 
2 8887 8892 
2 8782 4396 
2 4350 4342 
2 8693 2145 
2 4253 259 
2 8483 8467 
2 4199 4181 
2 4152 8279 
2 1019 3979 
2 125 3921 
2 7837 7816 
2 981 7784 
2 971 7754 
2 7722 1855 
2 3711 3701 
2 7304 3627 
2 3589 1785 
2 3556 1730 
2 3404 6802 
2 6793 3388 
2 6758 6588 
2 6422 6386 
2 3151 6194 
2 3093 6067 
2 6061 5976 
2 2923 1458 
2 1456 2869 
2 5735 2865 
2 2844 5673 
2 5654 5571 
2 5565 2780 
2 5390 2679 
2 5374 5354 
2 2644 1325 
2 1314 5230 
2 5109 36 
2 9997 2491 
2 2445 4905 
2 9809 9758 
2 9731 4799 
2 9541 9510 
2 9452 9442 
2 9422 9310 
2 4654 9279 
2 2302 9191 
2 4590 1144 
2 9109 4471 
2 8949 4454 
2 1089 8843 
2 4364 8706 
2 4304 8622 
2 8515 4166 
2 8301 2069 
2 4125 8243 
2 8184 2040 
2 2037 4068 
2 994 7762 
2 7765 7701 
2 1926 1913 
2 7630 7609 
2 3779 7538 
2 3713 3709 
2 7411 897 
2 7242 7084 
2 7070 7027 
2 3462 1721 
2 6877 3359 
2 6732 841 
2 6667 6608 
2 3236 3200 
2 3190 3160 
2 6322 6207 
2 6204 6091 
2 6092 6071 
2 6013 2984 
2 747 2973 
2 2965 5930 
2 2938 5871 
2 2851 5704 
2 5695 718 
2 2815 339 
2 702 1365 
2 2714 5344 
2 5348 2667 
2 2670 5143 
2 1255 9925 
2 9897 4927 
2 2458 9831 
2 9827 4869 
2 9518 4745 
2 9472 9402 
2 4673 9288 
2 4597 2276 
2 9064 9058 
2 9049 4499 
2 8973 8943 
2 8769 276 
2 8705 4338 
2 4348 8627 
2 4303 1067 
2 2130 8427 
2 1048 4201 
2 8385 518 
2 2090 8315 
2 2078 2031 
2 2032 2015 
2 8033 2004 
2 8025 4003 
2 3999 7976 
2 497 3974 
2 7930 3946 
2 479 7763 
2 3872 7720 
2 7619 1896 
2 3723 7325 
2 3659 7193 
2 454 7073 
2 3520 6954 
2 3456 109 
2 426 6768 
2 843 6729 
2 1674 6515 
2 3162 397 
2 387 3103 
2 3071 6164 
2 3036 1520 
2 5855 5858 
2 5843 5846 
2 2914 721 
2 5780 5737 
2 5738 1425 
2 707 5679 
2 2822 5605 
2 1394 2791 
2 2777 5434 
2 2675 665 
2 2654 5288 
2 330 2613 
2 5103 2524 
2 1215 1239 
2 9753 2446 
2 4862 9707 
2 9476 2338 
2 4586 9170 
2 1126 8937 
2 4460 4420 
2 4395 2197 
2 8723 2187 
2 8664 2158 
2 8544 4250 
2 8402 8285 
2 2053 1028 
2 4067 8125 
2 488 7867 
2 7687 1900 
2 7572 7582 
2 7562 3770 
2 7505 3740 
2 3733 7428 
2 913 7285 
2 6908 6895 
2 861 6879 
2 6863 1680 
2 3342 1637 
2 3264 6555 
2 3232 3180 
2 3143 3067 
2 6041 2992 
2 1486 5805 
2 2894 2893 
3 5761 2868 2855 
3 5572 5507 5500 
3 5372 5334 5307 
3 1312 5248 2606 
3 5204 5114 5071 
3 2542 1232 4831 
3 4849 9653 9598 
3 2387 9531 4744 
3 4730 9461 9389 
3 2350 4624 286 
3 8921 543 8790 
3 4378 535 4302 
3 8580 1069 8484 
3 2099 8378 8352 
3 8295 8234 2027 
3 8088 4029 4021 
3 3986 7974 7874 
3 969 7806 1921 
3 1906 3725 7435 
3 7437 7282 1816 
3 3604 7199 7161 
3 442 7044 6978 
3 3433 6786 1630 
3 6449 6397 3182 
3 3139 6238 6211 
3 6165 3010 6032 
3 6001 5567 694 
3 5502 679 5408 
3 5318 661 5301 
3 317 2497 1242 
3 9924 2478 4909 
3 4908 9790 2440 
3 9756 9683 9688 
3 4815 9497 9335 
3 9306 2322 2321 
3 9202 4585 9056 
3 1121 8976 8884 
3 4401 8802 4383 
3 548 8674 8630 
3 8621 8589 2135 
3 8489 8482 8216 
3 2034 8071 3998 
3 1991 7940 3920 
3 7769 7714 7601 
3 7497 933 3726 
3 7449 7366 7280 
3 1797 104 6896 
3 3421 852 6813 
3 6717 3351 6626 
3 3304 1643 6502 
3 3231 6465 6362 
3 1560 79 3065 
3 758 90 5987 
3 1446 2880 1417 
3 5667 2816 5645 
3 2768 2755 5506 
3 4970 5468 166 
3 5445 5320 2625 
3 647 2547 5089 
3 2534 5031 2482 
3 9697 4836 2414 
3 9630 4805 2394 
3 2374 9466 4652 
3 4587 2263 9077 
3 560 1125 4485 
3 4476 4472 8926 
3 8917 8869 8847 
3 1098 4366 8710 
3 4295 2119 8444 
3 1051 8414 8394 
3 4168 8339 4162 
3 8324 8262 8178 
3 4073 8126 4049 
3 3989 3967 7947 
3 7860 980 7846 
3 3900 3886 7685 
3 1916 1914 951 
3 946 7563 474 
3 3767 7537 1875 
3 7519 1863 7468 
3 3706 3661 3631 
3 7234 3609 3601 
3 7191 3548 879 
3 1760 6997 6883 
3 1710 830 3183 
3 3166 6287 6292 
3 6214 3098 2995 
3 5975 5955 1472 
3 5932 2926 5623 
3 1397 2742 2738 
3 5459 2710 5326 
3 5226 84 2496 
3 4974 9801 9760 
3 9657 2403 4776 
3 4751 599 4719 
3 2315 4626 2284 
3 9103 9071 2261 
3 9034 8885 547 
3 4385 4261 8386 
3 8369 2093 8358 
3 4118 8182 2041 
3 8057 8051 501 
3 1997 3982 7912 
3 490 7747 7707 
3 7598 1894 231 
3 7354 3650 113 
3 3592 7188 445 
3 6995 6951 3468 
3 6926 6861 3429 
3 100 1657 6568 
3 29 6486 6464 
3 6437 6424 6335 
3 6346 3163 6317 
3 790 6299 3140 
3 3113 3040 751 
3 5827 5784 5775 
3 351 5716 5711 
3 5687 710 5564 
3 692 5433 2616 
3 2576 1272 1246 
3 9937 9938 9915 
3 4947 2438 9739 
3 9676 1204 4784 
3 4779 9373 584 
3 580 9268 9277 
3 9167 2256 9001 
3 4481 8920 8909 
3 8841 8799 2189 
3 8704 4336 8656 
3 4324 4268 8531 
3 8488 2113 2114 
3 8460 4225 8448 
3 4210 8317 8149 
3 4071 4061 8072 
3 7952 7926 7904 
3 243 7767 3814 
3 3805 7612 9757 
3 7560 7506 7482 
3 7472 7331 460 
3 7297 905 7205 
3 7181 1784 7141 
3 1779 7056 7012 
3 7004 6893 1697 
3 212 6657 1659 
3 6601 1600 6394 
3 6385 6333 787 
3 6047 5988 5707 
3 1419 5656 5490 
3 46 5425 2682 
3 664 2639 5154 
3 2559 2539 2501 
3 2493 2487 9919 
3 9845 2434 2441 
3 4824 9654 4785 
3 4772 9515 1175 
3 9378 9315 9110 
3 4362 4278 8480 
3 8476 4204 4190 
3 8341 1034 8175 
3 4083 8066 8060 
3 8042 8018 1927 
3 7691 7520 925 
3 7355 2494 1823 
3 7294 7277 7269 
3 1791 1780 7126 
3 7006 1746 873 
3 6889 1715 6847 
3 853 1702 416 
3 6587 6532 813 
3 6349 6218 6140 
3 3013 3005 1482 
3 5927 731 5821 
3 1449 5743 2867 
3 5708 705 354 
3 2833 5659 2830 
3 1390 5541 2761 
3 5525 5484 1362 
3 2708 5392 334 
3 5283 5087 5065 
3 4984 9956 2430 
3 9705 2429 4803 
3 1193 4765 9358 
3 9163 9133 9033 
3 4448 4391 2177 
3 8718 8690 4282 
3 8357 8349 8288 
3 8281 8208 4101 
3 1007 7935 7836 
3 7746 3764 941 
3 3653 7214 1798 
3 7195 7173 7158 
3 1759 3514 6941 
3 3465 6911 6884 
3 6816 3397 6779 
3 1660 3317 6598 
3 6589 6575 6489 
3 3238 6439 6376 
3 6298 6172 6115 
3 3034 755 2960 
3 2958 732 2896 
3 366 5669 5647 
3 2787 345 5524 
3 5520 685 2737 
3 5438 1356 5402 
3 2648 2615 1293 
3 5144 1281 9983 
3 9874 9857 4878 
3 9743 9674 592 
3 4800 4778 9492 
3 4647 9231 9242 
3 4615 8983 8980 
3 8935 8871 4431 
3 8830 8798 4382 
3 8743 2182 8687 
3 8577 8343 2073 
3 8296 8290 4129 
3 624 4023 991 
3 7955 126 7869 
3 7838 7817 1945 
3 7776 3776 7470 
3 7324 3597 3594 
3 3569 3537 7028 
3 3507 6943 50 
3 6785 6716 1675 
3 6624 3305 408 
3 1629 399 3168 
3 3128 386 3014 
3 5990 5911 2849 
3 2788 5532 340 
3 5435 5411 5337 
3 2626 5232 5102 
3 9841 9791 9766 
3 2396 9587 9574 
3 9408 9404 2339 
3 1156 9216 9203 
3 4569 9141 285 
3 9095 4528 2250 
3 8999 8858 2209 
3 4397 4319 2156 
3 8518 4223 4212 
3 4213 1041 4183 
3 8327 2071 8261 
3 8260 4087 8145 
3 4045 4033 7998 
3 247 3981 7879 
3 3881 7723 7702 
3 7676 952 945 
3 7485 3710 7351 
3 7336 7284 3613 
3 1786 891 7146 
3 7137 3524 878 
3 3470 1722 1682 
3 6728 1666 6695 
3 6672 807 6113 
3 6117 3000 2940 
3 5880 5841 5830 
3 2901 353 1392 
3 2784 1368 5452 
3 5335 5314 5305 
3 5269 80 2623 
3 5076 5039 5011 
3 4991 1240 9909 
3 4881 4838 9672 
3 9665 2362 4707 
3 9405 1173 1150 
3 9185 282 4560 
3 8922 8904 2214 
3 8846 2183 4368 
3 4346 4332 8623 
3 4296 2118 1053 
3 4189 4182 8335 
3 1030 4085 8140 
3 8106 8055 8030 
3 7968 7910 3910 
3 7750 7718 3855 
3 963 7644 7604 
3 233 7422 3702 
3 3676 7303 3606 
3 3599 3538 869 
3 6974 855 6826 
3 851 6791 6688 
3 6691 6665 3291 
3 6538 3184 3175 
3 6355 3069 1498 
3 2981 5806 5797 
3 1441 1431 712 
3 42 5662 5638 
3 1375 5497 5455 
3 5300 5249 2624 
3 5194 5152 5130 
3 9777 1229 2416 
3 2421 4817 9615 
3 9579 4753 9516 
3 9439 2346 4682 
3 9304 9292 4629 
3 9177 9088 4542 
3 9079 9052 8939 
3 8925 4455 557 
3 8901 8896 8856 
3 8818 8809 8724 
3 8700 8634 8583 
3 4289 2139 2092 
3 4178 4096 8111 
3 8105 8091 3964 
3 3952 1962 7728 
3 7698 1919 7615 
3 7495 3737 7402 
3 3687 3605 3512 
3 6977 3452 6892 
3 3418 6789 6759 
3 3345 6689 3250 
3 48 6413 1565 
3 1545 6089 6030 
3 2979 5922 5923 
3 742 5712 176 
3 2820 699 5478 
3 1291 75 5093 
3 2528 1264 9928 
3 2449 4900 2450 
3 9639 4809 9520 
3 4729 2360 585 
3 4643 2312 9262 
3 9184 2292 9118 
3 4510 8982 8888 
3 4404 2195 4380 
3 1092 8699 8588 
3 8510 4203 8307 
3 4146 8294 8266 
3 1024 1026 4075 
3 8112 7997 3976 
3 7865 3923 7798 
3 7779 484 3851 
3 7621 232 7440 
3 918 1782 7128 
3 890 7023 6992 
3 874 6955 6928 
3 6798 1692 3372 
3 3365 1670 6653 
3 6642 6609 6530 
3 1604 6372 98 
3 3061 1528 744 
3 2917 5795 5637 
3 1389 5562 1384 
3 5431 5393 667 
3 9936 5285 5284 
3 324 2599 5115 
3 5022 9911 4945 
3 9875 9840 310 
3 9503 9449 9440 
3 9401 9293 4552 
3 4539 9080 4526 
3 564 1128 2233 
3 8852 8741 4343 
3 4316 8611 8590 
3 4281 8433 8421 
3 4171 8330 8308 
3 8306 4140 8146 
3 8076 122 4007 
3 3996 3954 985 
3 3937 3919 7775 
3 3786 7566 1834 
3 7271 3630 7256 
3 7232 7225 7213 
3 9652 3575 3574 
3 3510 3483 824 
3 6603 6573 6455 
3 3207 6318 389 
3 6173 6080 6070 
3 754 6037 377 
3 6011 748 5953 
3 5787 5519 5450 
3 2701 5352 657 
3 1304 5195 5184 
3 5110 1268 5084 
3 1269 2477 617 
3 9847 4915 2454 
3 4866 9668 9619 
3 9562 9558 9504 
3 9482 9435 9430 
3 2354 4677 5 
3 4566 4563 8948 
3 8946 129 8668 
3 8496 8471 4186 
3 4105 8162 8082 
3 8070 1003 7996 
3 3938 7755 3874 
3 3738 14 3688 
3 7301 7157 1773 
3 7076 6946 6910 
3 6891 3410 3369 
3 3303 1644 6572 
3 6564 816 6525 
3 3241 1607 6235 
3 1548 1543 3063 
3 6020 749 5942 
3 5934 1481 5703 
3 2813 5561 1354 
3 1334 2650 5264 
3 5261 5126 5078 
3 5034 9805 2448 
3 2408 2392 9522 
3 9416 9391 4683 
3 4665 4612 2236 
3 552 8755 8565 
3 4242 8459 265 
3 8364 8360 2079 
3 134 4056 8014 
3 7885 1960 975 
3 3861 3833 3832 
3 3771 3758 7508 
3 3739 7420 7009 
3 1738 6865 1709 
3 6760 1689 6482 
3 1596 6347 6268 
3 1537 6122 369 
3 367 364 2913 
3 1451 2856 1414 
3 5646 2800 5575 
3 2774 5421 5292 
3 5290 5223 5145 
3 2574 5124 5037 
3 5025 5002 9889 
3 1222 9565 9508 
3 9463 2319 9285 
3 9142 2266 2257 
3 9025 8958 4463 
3 8912 2219 8783 
3 2188 2180 4326 
3 4299 8558 2133 
3 8408 261 4192 
3 2077 8245 4117 
3 2056 996 7905 
3 3934 7780 3864 
3 1925 1907 1903 
3 1887 7473 3703 
3 7390 7353 3646 
3 907 7147 7115 
3 3489 6966 438 
3 6900 3432 6819 
3 6780 6646 3269 
3 6505 3237 26 
3 6462 1572 3122 
3 3101 6181 6145 
3 6124 6027 3003 
3 2998 5992 43 
3 5868 5861 2915 
3 5810 5801 5764 
3 357 2840 5664 
3 2826 5648 2779 
3 5501 2748 1352 
3 1349 5315 327 
3 5216 19 9994 
3 9913 4955 9899 
3 9834 4854 4835 
3 4825 9642 2383 
3 2355 9273 9069 
3 4484 8902 4437 
3 4424 8738 8720 
3 4321 4315 2150 
3 2146 127 8504 
3 8390 4169 8337 
3 8313 1038 2058 
3 8205 8194 8151 
3 8020 8013 1990 
3 476 7487 7414 
3 7403 3649 1815 
3 447 7240 3614 
3 892 3568 7051 
3 7016 436 6949 
3 6931 6934 3448 
3 6886 6838 105 
3 3398 6781 1687 
3 1672 6663 3298 
3 3289 6561 6546 
3 3224 6442 400 
3 95 792 6310 
3 6250 772 1503 
3 5935 2918 716 
3 5739 2846 5546 
3 1373 5465 2699 
3 5396 5349 2646 
3 1301 5159 5142 
3 5075 9893 4931 
3 2460 9702 9687 
3 4827 9512 2361 
3 9432 9343 9195 
3 2283 9144 2255 
3 4446 4329 4294 
3 8582 8370 4010 
3 7999 1966 1957 
3 7709 7605 7478 
3 3735 7373 3562 
3 7124 3554 7080 
3 6929 6907 6869 
3 3403 6790 6764 
3 3284 6566 6521 
3 3249 3221 6440 
3 1605 1602 1592 
3 3192 3181 6348 
3 6338 6324 6219 
3 6131 3045 3043 
3 6056 6059 6029 
3 3007 5996 2969 
3 21 5867 5847 
3 1442 5753 5746 
3 5723 5715 2818 
3 5608 5582 2729 
3 5415 331 1327 
3 2617 9671 4924 
3 9762 9750 2419 
3 1213 2409 9627 
3 595 9385 1143 
3 9115 1124 4345 
3 8450 4219 1052 
3 2103 4154 8270 
3 8127 8130 8124 
3 504 8095 250 
3 1 3958 1974 
3 3943 3865 1933 
3 1905 7576 7548 
3 1871 455 7143 
3 3532 6894 1698 
3 838 3320 1623 
3 6501 810 808 
3 3234 6247 775 
3 6191 6083 6045 
3 5997 363 5802 
3 5706 2810 2763 
3 5420 5306 9989 
3 9982 619 2471 
3 9835 9826 4901 
3 2443 9727 4820 
3 9593 9596 2391 
3 295 9501 9364 
3 9349 1163 4608 
3 4570 4548 561 
3 141 4411 8781 
3 2194 8566 8550 
3 4270 4256 2109 
4 66 8371 8354 4138 
4 8107 2003 8007 496 
4 1981 7918 3948 1968 
4 3835 3820 7635 3774 
4 469 7517 7462 3683 
4 3660 3640 3622 7207 
4 3565 434 6975 6801 
4 6755 6687 6641 1655 
4 3315 6599 6548 3260 
4 6487 6423 3171 6262 
4 1531 765 6099 6100 
4 382 762 6062 2972 
4 5866 5799 5781 5768 
4 5765 2864 5660 5655 
4 2796 2792 681 2724 
4 5412 5358 2631 2605 
4 2530 2479 9803 4888 
4 9729 9643 9621 2397 
4 9485 9437 9403 9392 
4 578 9253 9199 9104 
4 8995 2244 4429 2208 
4 8829 8792 8708 8688 
4 8669 1078 4277 8399 
4 8283 8181 254 2021 
4 2001 8016 7979 3971 
4 7892 239 7681 7591 
4 7593 7587 7568 7352 
4 7295 3638 3634 7265 
4 7254 3598 7049 6979 
4 3458 601 6836 6837 
4 3366 6625 6610 1633 
4 6388 785 6249 6169 
4 6135 6120 187 4540 
4 715 2857 2838 704 
4 2794 5580 2744 2704 
4 2666 1328 5302 5289 
4 5185 5091 5053 5054 
4 4993 9945 2468 614 
4 9781 612 9763 9728 
4 4816 9377 2336 9174 
4 4568 9130 9054 4503 
4 8966 8942 2225 4433 
4 8774 8719 2178 8551 
4 8526 8269 4119 505 
4 8078 4037 1008 4005 
4 3995 7913 7891 979 
4 3918 119 3856 7620 
4 7539 3729 3666 7288 
4 2275 1794 7164 1733 
4 6810 6706 3172 3159 
4 6286 3066 6044 5974 
4 5956 2976 5946 2970 
4 5914 5894 1459 5842 
4 5692 1421 1386 2630 
4 5242 5224 5196 1294 
4 5129 9872 9867 8899 
4 4844 9563 4756 2371 
4 9424 9789 9352 4674 
4 9219 9160 9108 2270 
4 9039 4492 8962 8878 
4 1103 277 1088 4353 
4 1083 8657 8586 8351 
4 2084 2067 4127 8236 
4 4070 7967 3925 7831 
4 7737 3848 7380 7370 
4 3668 3560 3552 7046 
4 3501 6771 3374 832 
4 3283 1626 6488 3204 
4 6368 1544 3077 6106 
4 6025 3009 5852 2902 
4 5688 5670 2678 5339 
4 5193 5138 5111 2521 
4 9926 4852 4850 9677 
4 4735 4700 581 9244 
4 9207 4531 2262 9026 
4 4436 8788 4370 4306 
4 1070 1057 2076 8292 
4 4121 8122 8083 3975 
4 1977 7893 1967 1956 
4 967 966 3867 3731 
4 7442 1860 7341 7287 
4 7263 3528 7038 3392 
4 6723 3354 6679 6504 
4 390 6014 5874 2930 
4 5750 2850 2739 1366 
4 5432 2690 5369 5303 
4 5217 5180 1263 2513 
4 623 4988 4936 9792 
4 4873 606 4782 9544 
4 9513 9493 4698 2327 
4 2316 1155 9090 9066 
4 4530 9018 9005 2249 
4 8848 8844 2174 4341 
4 4288 8547 2131 8377 
4 1042 4142 4515 4115 
4 4110 8099 503 4035 
4 1005 8023 8017 7928 
4 3953 7909 7866 244 
4 3909 7794 7787 7760 
4 7739 7649 7645 7599 
4 237 7498 3741 3675 
4 9658 1826 7300 7227 
4 7180 107 1758 3481 
4 3478 6888 3408 6807 
4 410 6507 6379 6345 
4 190 6072 3033 5967 
4 1489 2925 5748 1402 
4 5367 5353 1315 5256 
4 1267 5012 4963 2411 
4 1189 9355 9249 4620 
4 9211 9912 9180 9153 
4 2251 553 4408 2171 
4 8672 2474 8598 8552 
4 4274 262 8391 8329 
4 8274 4113 7886 7853 
4 475 235 7625 3714 
4 7122 7062 6982 6734 
4 3358 6684 1628 809 
4 6460 3219 9842 6406 
4 1576 1539 2291 3068 
4 6057 6019 1490 2967 
4 2860 5675 352 5521 
4 5485 5454 5407 5360 
4 1338 5218 5201 5137 
4 2557 637 2523 5036 
4 4919 1225 1219 4795 
4 9462 9444 294 4618 
4 284 9206 1141 9138 
4 8963 4458 8838 8817 
4 8807 2347 8647 4280 
4 8522 1055 8436 4216 
4 8422 2097 8195 1018 
4 4042 4022 7901 7873 
4 3915 1931 7679 7657 
4 950 7570 7389 920 
4 7235 7200 7089 1741 
4 856 6825 6765 6683 
4 6660 3326 1645 6105 
4 1506 5995 5876 2888 
4 1438 2829 5456 5436 
4 2717 2688 1324 1319 
4 5220 162 5179 2580 
4 9975 9951 9902 2473 
4 4920 9798 1218 9681 
4 4834 2379 9384 9379 
4 9348 9331 4658 9257 
4 1151 140 2269 9017 
4 138 1109 8827 4317 
4 8528 8505 4234 8323 
4 4123 8237 4053 993 
4 1982 3907 7771 242 
4 3837 942 3768 7535 
4 7429 7335 7293 3612 
4 7224 4781 222 3500 
4 7002 6996 6950 6829 
4 6817 1663 3314 6374 
4 6277 3039 5960 736 
4 5789 2876 5701 5668 
4 5661 5499 5491 5458 
4 5331 5247 2568 5127 
4 5079 629 9970 9955 
4 9700 9661 9427 4697 
4 9266 9136 4500 4409 
4 8813 8760 4266 8521 
4 4257 8497 1054 4120 
4 8213 2044 4065 248 
4 957 3801 943 1885 
4 1858 7438 3684 1805 
4 1803 7031 7020 6918 
4 9969 3423 6806 6707 
4 6670 3270 6527 788 
4 6281 761 3046 1515 
4 5755 5749 1410 5642 
4 5636 2801 2790 696 
4 5554 5464 2720 337 
4 5395 2698 2680 5317 
4 5293 632 9973 4967 
4 9903 4944 4930 1223 
4 9786 9616 9591 4764 
4 4761 591 9409 9309 
4 9278 8979 8936 2230 
4 8906 1076 8620 8536 
4 4243 8451 8366 519 
4 4128 1022 2042 8171 
4 8158 9950 8113 4013 
4 7932 7801 3890 7571 
4 1872 7350 3658 3624 
4 3588 7112 7106 216 
4 6940 427 6750 3349 
4 3290 6536 6403 3179 
4 1567 6274 3119 1530 
4 3054 9622 5936 2910 
4 5798 1443 5760 5726 
4 5604 5545 1345 2620 
4 1285 5135 5123 9318 
4 5021 1243 1217 2349 
4 9339 4645 9237 2306 
4 9076 4519 2248 8945 
4 2204 8735 4313 1068 
4 1064 8319 8291 8254 
4 8246 8223 8185 4080 
4 8100 8090 2018 4012 
4 1995 492 7670 3763 
4 3762 7486 3693 7339 
4 1745 3447 6858 6840 
4 1691 6718 3331 6661 
4 196 3079 6114 3048 
4 6073 5943 1473 5685 
4 5588 1391 5388 165 
4 5311 5267 1303 5160 
4 9960 9904 4868 9645 
4 8 9387 4684 9258 
4 9236 4583 9045 8913 
4 4413 1091 2181 267 
4 570 4239 4227 8458 
4 527 4195 8389 8368 
4 64 8302 4133 8227 
4 4082 510 3936 7843 
4 7476 7421 1852 7185 
4 220 1727 3446 6885 
4 6875 3400 6709 9641 
4 6652 4423 6512 6427 
4 6378 1578 6272 6239 
4 3111 7894 6150 3026 
4 374 2919 5822 2885 
4 5677 5639 5603 4414 
4 5528 2743 2734 2696 
4 670 5309 158 5027 
4 9883 4895 9735 74 
4 9589 9254 2476 4757 
4 2332 9303 2299 9178 
4 572 9037 2253 8867 
4 8772 8424 8400 2088 
4 2054 4109 8156 4006 
4 3988 1970 7854 7646 
4 1859 3722 928 7377 
4 7347 3667 7241 7025 
4 6866 6860 6767 6543 
4 6518 1608 9291 2997 
4 1454 1435 5709 5690 
4 5689 700 5542 1346 
4 1337 2660 650 1295 
4 2561 5105 5057 5015 
4 9347 9764 1176 9208 
4 4547 567 8928 555 
4 4360 4300 2140 8475 
4 4229 2107 4198 1035 
4 8230 4512 1999 2100 
4 7897 3901 7773 7611 
4 7417 4728 7345 3625 
4 7063 3494 3471 6815 
4 1686 3328 6593 609 
4 812 3255 6496 6458 
4 6438 6321 6305 1550 
4 380 91 5963 5940 
4 5767 5674 5624 5543 
4 5537 2703 2693 5296 
4 2614 2594 646 5070 
4 5063 4985 4962 9733 
4 9723 9628 4763 1186 
4 4740 9470 587 4610 
4 2301 1145 4533 4494 
4 2224 8831 8762 8739 
4 8730 8660 8443 4191 
4 2075 4108 8174 4028 
4 4025 3968 7842 3897 
4 7735 3847 7690 3797 
4 3772 7493 3734 7401 
4 7398 7383 7283 904 
4 6986 6783 3360 3251 
4 3218 3187 3177 1582 
4 6183 6049 3018 5969 
4 1474 5888 5734 5591 
4 5384 2659 5321 2651 
4 5298 5095 5003 9804 
4 4642 9224 9155 9074 
4 2238 8882 8832 8748 
4 4309 8594 8469 1016 
4 8077 7637 7628 3780 
4 1890 9662 7474 3633 
4 1811 7192 7001 3440 
4 3427 423 3363 3310 
4 1647 822 1631 3243 
4 9839 6395 1585 6285 
4 6282 391 1557 777 
4 6224 6151 3016 6033 
4 2978 5862 9082 1447 
4 2863 4416 5680 1355 
4 5404 329 1320 5222 
4 5176 5009 9772 1183 
4 9469 2348 9393 4584 
4 2285 8893 8883 2176 
4 8655 8557 8513 8495 
4 260 8345 4158 8278 
4 2052 8170 8062 7887 
4 9316 7749 3871 3823 
4 7651 7511 1850 7360 
4 1829 7257 4122 880 
4 9369 3486 6930 6644 
4 3296 6535 815 1599 
4 3194 6167 763 3051 
4 3019 5964 4417 5961 
4 5928 5925 2955 2897 
4 5792 5691 88 5568 
4 2756 5495 5423 671 
4 2665 5322 2658 8219 
4 1289 5088 2515 9943 
4 9934 4937 1195 4738 
4 2365 2359 4721 4712 
4 9117 566 9030 8969 
4 2229 8676 536 1066 
4 7858 7840 7797 3852 
4 607 1864 1862 4828 
4 7364 1832 114 3644 
4 7260 112 7162 3549 
4 3529 1764 6945 3453 
4 6881 6880 3434 3414 
4 4422 6634 6622 3158 
4 1555 3109 6009 5929 
4 5892 2933 2909 5722 
4 544 5479 5473 2700 
4 5364 5347 5275 2633 
4 5263 9905 9811 9794 
4 9788 2433 1211 299 
4 9547 4733 2352 8532 
4 9371 9084 4466 8812 
4 8763 4365 4441 8631 
4 8595 4271 8503 1039 
4 8087 7987 7977 1989 
4 7845 486 481 1911 
4 7585 7484 9465 3680 
4 7171 7174 7156 7120 
4 3472 6871 3417 3395 
4 3341 418 829 9006 
4 6447 6445 3157 6314 
4 3064 764 6108 6069 
4 5968 5924 1465 1460 
4 5595 5509 5493 1348 
4 5365 2663 2636 8221 
4 2540 1254 2505 306 
4 9800 9696 9625 9610 
4 577 9217 9087 4443 
4 4421 549 4377 4334 
4 4272 8265 498 7958 
4 3977 3961 7802 964 
4 7655 1881 7458 7392 
4 1838 228 910 7184 
4 7154 3487 870 6933 
4 3415 1690 3350 6633 
4 6556 6470 806 3211 
4 6375 798 3164 1182 
4 6209 3102 6201 3095 
4 6094 5985 2966 1470 
4 2931 5837 5790 720 
4 5717 2834 5581 5576 
4 690 5437 5417 5328 
4 2653 2622 9991 2492 
4 9886 9829 9505 4741 
4 9447 4625 9360 4660 
4 1097 4507 4445 1107 
4 2211 8820 4389 272 
4 8569 2126 521 8209 
4 2029 485 2363 7528 
4 7465 7327 7159 3450 
4 6830 1706 3405 202 
4 1619 799 6330 3118 
4 1525 1511 6024 1477 
4 2921 1437 5516 2607 
4 5215 641 1258 1252 
4 1102 77 9774 9410 
4 4780 298 9448 1153 
4 4614 571 9099 4513 
4 9021 1113 8744 8661 
4 8600 8581 4287 8549 
4 2122 4218 8373 8173 
4 8154 4027 8052 997 
4 7949 1941 1929 8944 
4 1924 7513 3637 1813 
4 7072 7055 6876 6854 
4 6808 6787 6745 3346 
4 6591 6453 3202 3193 
4 1588 3165 3090 3084 
4 6153 3025 2916 2908 
4 5786 2847 2842 4676 
4 1358 2681 5297 2569 
4 1273 5080 9884 1216 
4 2426 9693 4794 9324 
4 542 8131 4938 9000 
4 7973 3898 939 7311 
4 448 9646 9484 3522 
4 3497 6968 3333 6615 
4 6358 6341 3138 3073 
4 191 6082 2959 5887 
4 5884 9081 1395 5439 
4 5376 5282 2552 314 
4 2518 309 9694 9669 
4 9495 2370 8891 9330 
4 1158 9226 7719 8826 
4 8805 4384 8749 9139 
4 9673 8312 8211 2013 
4 1944 7531 466 1857 
4 7394 3670 7299 7246 
4 7125 7111 7109 3488 
4 6969 6967 3477 6947 
4 6912 6763 3279 3254 
4 6382 6344 6278 6179 
4 6081 5978 5965 2882 
4 5757 5589 5428 5351 
4 1317 5272 2562 5068 
4 5030 4971 9865 9814 
4 1207 9601 9438 4575 
4 1139 8998 4486 8890 
4 1095 8717 8703 8681 
4 2142 4258 2082 8303 
4 8008 9027 7405 7372 
4 7131 215 3479 106 
4 3426 3409 6754 3335 
4 805 8662 3150 6186 
4 3080 1499 2948 5788 
4 5698 5601 5569 2757 
4 5252 326 1278 315 
4 2526 2511 9964 4609 
4 9188 9120 9046 8927 
4 4393 1079 1075 8499 
4 517 515 8257 2049 
4 4020 7871 7808 974 
4 7638 3790 940 7492 
4 3700 9212 7272 449 
4 3600 7081 7066 7040 
4 6999 6948 1693 6737 
4 2 6708 411 6579 
4 6542 6468 9832 776 
4 3086 6166 6162 6154 
4 6101 1407 2745 5259 
4 1306 600 4014 5072 
4 2517 2175 1947 9255 
4 9854 9815 4885 9685 
4 8365 4715 4710 9023 
4 271 8533 531 1060 
4 2372 4205 8396 8356 
4 4160 4077 4040 8053 
4 988 3928 3863 961 
4 3663 7268 7007 6845 
4 4896 6619 6621 3240 
4 6416 6392 6269 6216 
4 3091 3070 7527 2993 
4 5889 5877 2831 2782 
4 169 2725 5286 5241 
4 2587 5169 627 5018 
4 308 9881 2452 4829 
4 4797 7857 4718 1168 
4 2325 4648 2314 9098 
4 2218 4177 4153 4148 
4 8073 8039 1000 7916 
4 1973 7827 7781 9990 
4 7654 1902 3707 1846 
4 7332 7258 7245 450 
4 7211 9506 7052 12 
4 6919 3419 6773 6749 
4 6401 3195 3117 768 
4 759 2936 2866 5678 
4 175 5614 5596 2635 
4 2611 5147 5055 2510 
4 9837 4846 9233 9190 
4 4373 2168 8646 1077 
4 8615 2108 130 8065 
4 4018 7988 7982 7623 
4 3785 3669 1802 3577 
4 7047 3325 6354 1579 
4 6288 6230 1547 6136 
4 1518 3030 4672 181 
4 9478 5607 523 338 
4 41 672 653 1297 
4 5117 638 4737 4616 
4 9032 8836 8605 2147 
4 8596 8331 8248 7900 
4 7855 7772 7766 7732 
4 7656 7433 7343 7334 
4 7306 895 7058 3502 
4 6924 8742 6905 3444 
4 6832 3373 4819 1635 
4 3222 6402 1594 786 
4 1541 5851 5816 5740 
4 1413 2821 2773 2740 
4 5469 2695 9706 5274 
4 323 5150 2543 5038 
4 9648 9623 4802 9473 
4 4701 9175 8933 8881 
4 4327 8463 8446 8419 
4 8381 255 2066 8128 
4 4002 7989 1942 3813 
4 881 871 3495 6921 
4 8155 3391 6751 6743 
4 837 1658 6562 3242 
4 3217 3210 1597 3173 
4 6339 1580 8560 6055 
4 6018 6006 5973 3585 
4 1466 7660 5807 2890 
4 1412 8819 2692 1333 
4 965 2436 2420 9682 
4 4768 9312 9259 9240 
4 9193 2200 2161 8559 
4 4247 1059 2116 9479 
4 1020 8147 7919 2415 
4 7745 3695 7381 3467 
4 6868 51 6804 6730 
4 6650 3321 6441 6435 
4 1575 3110 6143 5782 
4 695 686 5419 2551 
4 38 5032 2504 2502 
4 9821 2424 4739 9145 
4 9010 4444 8855 8794 
4 1082 8628 8610 8429 
4 72 4184 8214 3916 
4 7626 1882 7431 7279 
4 1808 9375 7239 7061 
4 7015 3503 3492 6797 
4 8415 6753 3348 6474 
4 9634 6142 1521 6065 
4 3027 5921 1478 8228 
4 5742 2797 5273 5238 
4 2597 5188 5133 2537 
4 2522 4956 9890 7872 
4 9051 4059 9434 9345 
4 9298 9041 9020 8713 
4 269 8624 4269 8540 
4 8251 8104 9981 7270 
4 6939 4464 6788 3338 
4 3220 6400 1581 6284 
4 3133 1559 3057 3049 
4 6088 3041 4813 5915 
4 5890 2906 5811 2839 
4 697 5463 677 5299 
4 161 5225 5120 2157 
4 9851 1198 9536 4666 
4 9322 4602 9050 8972 
4 8951 4050 8768 8474 
4 4157 9474 7716 7668 
4 3804 7564 3759 1854 
4 3671 7321 7179 6714 
4 3343 6618 826 3256 
4 7342 6390 1583 6343 
4 6337 394 1558 6212 
4 6109 6054 6007 6000 
4 734 1462 1405 5512 
4 2691 660 5141 626 
4 2051 4806 598 1187 
4 9386 4641 9500 4594 
4 9107 9060 4457 8359 
4 4354 8685 8604 8599 
4 2128 1920 938 7467 
4 7266 3623 7099 6821 
4 3399 6704 6690 9592 
4 6606 6570 814 6493 
4 6319 1162 2439 2963 
4 3586 1444 2889 2823 
4 5453 5448 5333 9812 
4 5099 2423 4954 9869 
4 4928 9664 2380 4754 
4 9284 9248 9245 4545 
4 4505 8988 8984 8747 
4 8455 1002 493 7848 
4 7829 7717 546 7661 
4 7652 3796 8761 4379 
4 7481 7217 7167 888 
4 9097 9370 1613 3191 
4 1540 3074 6079 6074 
4 5819 5814 2895 5766 
4 1424 5535 5444 8545 
4 2603 1298 1238 7844 
4 9715 9608 9586 9399 
4 4667 9281 9176 9057 
4 8992 8957 273 8695 
4 4263 2121 2104 8275 
4 8232 8203 8439 8012 
4 1954 3662 3616 3602 
4 1766 3455 9451 6776 
4 6694 3329 823 6554 
4 3259 6511 6508 1551 
4 6039 2988 2886 1436 
4 5700 1399 9171 2770 
4 5498 8304 9816 322 
4 5162 5113 1265 2377 
4 9712 4769 4762 9319 
4 4622 9239 4752 4517 
